debug\CMDSim.ilk
debug\CMDSim.pdb
E:\QT_PRJ\CMDSIM\DEBUG\CMDSIM.EXE
E:\QT_PRJ\CMDSIM\DEBUG\CMDSIM.ILK
E:\QT_PRJ\CMDSIM\DEBUG\CMDSIM.PDB
E:\QT_PRJ\CMDSIM\DEBUG\MOC_CMDSIMMW.CPP
E:\QT_PRJ\CMDSIM\DEBUG\MOC_RFM2GSE.CPP
E:\QT_PRJ\CMDSIM\GENERATEDFILES\UI_CMDSIMMW.H
E:\qt_prj\CMDSim\Win32\Debug\cl.command.1.tlog
E:\qt_prj\CMDSim\Win32\Debug\CL.read.1.tlog
E:\qt_prj\CMDSim\Win32\Debug\CL.write.1.tlog
E:\QT_PRJ\CMDSIM\WIN32\DEBUG\CMDSIM.EXE.INTERMEDIATE.MANIFEST
E:\QT_PRJ\CMDSIM\WIN32\DEBUG\CMDSIMMW.OBJ
E:\qt_prj\CMDSim\Win32\Debug\custombuild.command.1.tlog
E:\qt_prj\CMDSim\Win32\Debug\custombuild.read.1.tlog
E:\qt_prj\CMDSim\Win32\Debug\custombuild.write.1.tlog
E:\qt_prj\CMDSim\Win32\Debug\link.command.1.tlog
E:\qt_prj\CMDSim\Win32\Debug\link.read.1.tlog
E:\qt_prj\CMDSim\Win32\Debug\link.write.1.tlog
E:\QT_PRJ\CMDSIM\WIN32\DEBUG\MAIN.OBJ
E:\QT_PRJ\CMDSIM\WIN32\DEBUG\MOC_CMDSIMMW.OBJ
E:\QT_PRJ\CMDSIM\WIN32\DEBUG\MOC_RFM2GSE.OBJ
E:\qt_prj\CMDSim\Win32\Debug\mt.command.1.tlog
E:\qt_prj\CMDSim\Win32\Debug\mt.read.1.tlog
E:\qt_prj\CMDSim\Win32\Debug\mt.write.1.tlog
E:\QT_PRJ\CMDSIM\WIN32\DEBUG\RFM2GSE.OBJ
E:\QT_PRJ\CMDSIM\WIN32\DEBUG\VC100.PDB
